#
# A fatal error has been detected by the Java Runtime Environment:
#
#  EXCEPTION_ACCESS_VIOLATION (0xc0000005) at pc=0x80000218, pid=4596, tid=5396
#
# JRE version: Java(TM) SE Runtime Environment (7.0_40-b43) (build 1.7.0_40-b43)
# Java VM: Java HotSpot(TM) Client VM (24.0-b56 mixed mode, sharing windows-x86 )
# Problematic frame:
# C  0x80000218
#
# Failed to write core dump. Minidumps are not enabled by default on client versions of Windows
#
# If you would like to submit a bug report, please visit:
#   http://bugreport.sun.com/bugreport/crash.jsp
# The crash happened outside the Java Virtual Machine in native code.
# See problematic frame for where to report the bug.
#

---------------  T H R E A D  ---------------

Current thread (0x03d5cc00):  JavaThread "QuantumRenderer-0" daemon [_thread_in_native, id=5396, stack(0x00ea0000,0x00ef0000)]

siginfo: ExceptionCode=0xc0000005, ExceptionInformation=0x00000008 0x80000218

Registers:
EAX=0x80000218, EBX=0x050d6f58, ECX=0x04fe69e8, EDX=0x565f00f2
ESP=0x00eee3ec, EBP=0x00000000, ESI=0x04e17f00, EDI=0x00eee428
EIP=0x80000218, EFLAGS=0x00010206

Top of Stack: (sp=0x00eee3ec)
0x00eee3ec:   563d1629 00000001 050d6f50 04e17db0
0x00eee3fc:   56446d0e 00eee428 04e17db0 00eee460
0x00eee40c:   00080000 00000000 0501b778 00001990
0x00eee41c:   00000000 563ae4d2 00eee43c 04fe69e8
0x00eee42c:   00000000 04e17db0 00eee474 56446dfb
0x00eee43c:   00000001 00000000 00000000 00eee4a0
0x00eee44c:   04e17db0 00eee4a8 5644703b 00060000
0x00eee45c:   00000001 00000001 565f8654 00eee4c0 

Instructions: (pc=0x80000218)
0x800001f8:   
[error occurred during error reporting (printing registers, top of stack, instructions near pc), id 0xc0000005]

Register to memory mapping:

EAX=0x80000218 is an unknown value
EBX=0x050d6f58 is an unknown value
ECX=0x04fe69e8 is an unknown value
EDX=0x565f00f2 is an unknown value
ESP=0x00eee3ec is pointing into the stack for thread: 0x03d5cc00
EBP=0x00000000 is an unknown value
ESI=0x04e17f00 is an unknown value
EDI=0x00eee428 is pointing into the stack for thread: 0x03d5cc00


Stack: [0x00ea0000,0x00ef0000],  sp=0x00eee3ec,  free space=312k
Native frames: (J=compiled Java code, j=interpreted, Vv=VM code, C=native code)
C  0x80000218

[error occurred during error reporting (printing native stack), id 0xc0000005]

Java frames: (J=compiled Java code, j=interpreted, Vv=VM code)
J  com.sun.prism.d3d.D3DVertexBuffer.nDrawIndexedQuads(J[F[BI)I
J  com.sun.prism.d3d.D3DVertexBuffer.drawQuads(I)V
J  com.sun.prism.impl.BaseContext.flushVertexBuffer()V
j  com.sun.prism.impl.ps.BaseShaderContext.setExternalShader(Lcom/sun/prism/impl/ps/BaseShaderGraphics;Lcom/sun/prism/ps/Shader;)V+1
j  com.sun.prism.impl.ps.BaseShaderGraphics.setExternalShader(Lcom/sun/prism/ps/Shader;)V+11
j  com.sun.scenario.effect.impl.prism.ps.PPSOneSamplerPeer.filterImpl([Lcom/sun/scenario/effect/ImageData;)Lcom/sun/scenario/effect/ImageData;+511
j  com.sun.scenario.effect.impl.prism.ps.PPSEffectPeer.filter(Lcom/sun/scenario/effect/Effect;Lcom/sun/javafx/geom/transform/BaseTransform;Lcom/sun/javafx/geom/Rectangle;[Lcom/sun/scenario/effect/ImageData;)Lcom/sun/scenario/effect/ImageData;+20
j  com.sun.scenario.effect.impl.state.LinearConvolveKernel.filterImageDatas(Lcom/sun/scenario/effect/Effect;Lcom/sun/scenario/effect/FilterContext;Lcom/sun/javafx/geom/transform/BaseTransform;Lcom/sun/javafx/geom/Rectangle;[Lcom/sun/scenario/effect/ImageData;)Lcom/sun/scenario/effect/ImageData;+262
j  com.sun.scenario.effect.BoxShadow.filterImageDatas(Lcom/sun/scenario/effect/FilterContext;Lcom/sun/javafx/geom/transform/BaseTransform;Lcom/sun/javafx/geom/Rectangle;[Lcom/sun/scenario/effect/ImageData;)Lcom/sun/scenario/effect/ImageData;+10
j  com.sun.scenario.effect.FilterEffect.filter(Lcom/sun/scenario/effect/FilterContext;Lcom/sun/javafx/geom/transform/BaseTransform;Lcom/sun/javafx/geom/Rectangle;Ljava/lang/Object;Lcom/sun/scenario/effect/Effect;)Lcom/sun/scenario/effect/ImageData;+148
j  com.sun.scenario.effect.Offset.filter(Lcom/sun/scenario/effect/FilterContext;Lcom/sun/javafx/geom/transform/BaseTransform;Lcom/sun/javafx/geom/Rectangle;Ljava/lang/Object;Lcom/sun/scenario/effect/Effect;)Lcom/sun/scenario/effect/ImageData;+35
j  com.sun.scenario.effect.Merge.filter(Lcom/sun/scenario/effect/FilterContext;Lcom/sun/javafx/geom/transform/BaseTransform;Lcom/sun/javafx/geom/Rectangle;Ljava/lang/Object;Lcom/sun/scenario/effect/Effect;)Lcom/sun/scenario/effect/ImageData;+27
j  com.sun.scenario.effect.DelegateEffect.filter(Lcom/sun/scenario/effect/FilterContext;Lcom/sun/javafx/geom/transform/BaseTransform;Lcom/sun/javafx/geom/Rectangle;Ljava/lang/Object;Lcom/sun/scenario/effect/Effect;)Lcom/sun/scenario/effect/ImageData;+11
j  com.sun.scenario.effect.impl.prism.PrEffectHelper.render(Lcom/sun/scenario/effect/Effect;Lcom/sun/prism/Graphics;FFLcom/sun/scenario/effect/Effect;)V+444
j  com.sun.javafx.sg.prism.NGNode$EffectFilter.render(Lcom/sun/prism/Graphics;)V+16
j  com.sun.javafx.sg.prism.NGNode.renderEffect(Lcom/sun/prism/Graphics;)V+8
J  com.sun.javafx.sg.prism.NGNode.doRender(Lcom/sun/prism/Graphics;)V
J  com.sun.javafx.sg.prism.NGNode.doRender(Ljava/lang/Object;)V
J  com.sun.javafx.sg.BaseNode.render(Ljava/lang/Object;)V
J  com.sun.javafx.sg.prism.NGGroup.renderContent(Lcom/sun/prism/Graphics;)V
J  com.sun.javafx.sg.prism.NGNode.doRender(Lcom/sun/prism/Graphics;)V
J  com.sun.javafx.sg.prism.NGNode.doRender(Ljava/lang/Object;)V
J  com.sun.javafx.sg.BaseNode.render(Ljava/lang/Object;)V
J  com.sun.javafx.sg.prism.NGGroup.renderContent(Lcom/sun/prism/Graphics;)V
J  com.sun.javafx.sg.prism.NGNode.doRender(Lcom/sun/prism/Graphics;)V
J  com.sun.javafx.sg.prism.NGNode.doRender(Ljava/lang/Object;)V
J  com.sun.javafx.sg.BaseNode.render(Ljava/lang/Object;)V
j  com.sun.javafx.tk.quantum.ViewPainter.doPaint(Lcom/sun/prism/Graphics;)V+135
j  com.sun.javafx.tk.quantum.AbstractPainter.paintImpl(Lcom/sun/prism/Graphics;)V+263
j  com.sun.javafx.tk.quantum.UploadingPainter.run()V+476
j  java.util.concurrent.Executors$RunnableAdapter.call()Ljava/lang/Object;+4
j  java.util.concurrent.FutureTask.runAndReset()Z+47
j  com.sun.prism.render.RenderJob.run()V+1
j  java.util.concurrent.ThreadPoolExecutor.runWorker(Ljava/util/concurrent/ThreadPoolExecutor$Worker;)V+95
j  java.util.concurrent.ThreadPoolExecutor$Worker.run()V+5
j  com.sun.javafx.tk.quantum.QuantumRenderer$PipelineRunnable.run()V+8
j  java.lang.Thread.run()V+11
v  ~StubRoutines::call_stub

---------------  P R O C E S S  ---------------

Java Threads: ( => current thread )
  0x04322c00 JavaThread "Prism Font Disposer" daemon [_thread_blocked, id=5780, stack(0x05a80000,0x05ad0000)]
  0x041ce000 JavaThread "MySQL Statement Cancellation Timer" daemon [_thread_blocked, id=7980, stack(0x054a0000,0x054f0000)]
  0x04165000 JavaThread "Thread-3" daemon [_thread_in_native, id=7592, stack(0x00ef0000,0x00f40000)]
  0x04150400 JavaThread "JavaFX Application Thread" [_thread_blocked, id=7380, stack(0x03e70000,0x03ec0000)]
  0x03d72c00 JavaThread "Thread-2" daemon [_thread_blocked, id=2084, stack(0x00e00000,0x00e50000)]
  0x03d5e000 JavaThread "Disposer" daemon [_thread_blocked, id=6456, stack(0x04570000,0x045c0000)]
=>0x03d5cc00 JavaThread "QuantumRenderer-0" daemon [_thread_in_native, id=5396, stack(0x00ea0000,0x00ef0000)]
  0x03ce1800 JavaThread "JavaFX-Launcher" [_thread_blocked, id=6060, stack(0x03df0000,0x03e40000)]
  0x008e6c00 JavaThread "Service Thread" daemon [_thread_blocked, id=5680, stack(0x00a40000,0x00a90000)]
  0x008d2400 JavaThread "C1 CompilerThread0" daemon [_thread_blocked, id=5172, stack(0x00b50000,0x00ba0000)]
  0x008d1000 JavaThread "Attach Listener" daemon [_thread_blocked, id=3568, stack(0x00db0000,0x00e00000)]
  0x008cdc00 JavaThread "Signal Dispatcher" daemon [_thread_blocked, id=5112, stack(0x00c60000,0x00cb0000)]
  0x00862000 JavaThread "Finalizer" daemon [_thread_blocked, id=6968, stack(0x00d00000,0x00d50000)]
  0x00860800 JavaThread "Reference Handler" daemon [_thread_blocked, id=7112, stack(0x00be0000,0x00c30000)]
  0x006cc000 JavaThread "main" [_thread_blocked, id=2580, stack(0x001c0000,0x00210000)]

Other Threads:
  0x0085f000 VMThread [stack: 0x00ad0000,0x00b20000] [id=7008]
  0x00902c00 WatcherThread [stack: 0x00d50000,0x00da0000] [id=6964]

VM state:not at safepoint (normal execution)

VM Mutex/Monitor currently owned by a thread: None

Heap
 def new generation   total 8064K, used 6013K [0x23a10000, 0x242d0000, 0x28f60000)
  eden space 7168K,  71% used [0x23a10000, 0x23f0f710, 0x24110000)
  from space 896K, 100% used [0x241f0000, 0x242d0000, 0x242d0000)
  to   space 896K,   0% used [0x24110000, 0x24110000, 0x241f0000)
 tenured generation   total 17852K, used 11692K [0x28f60000, 0x2a0cf000, 0x33a10000)
   the space 17852K,  65% used [0x28f60000, 0x29acb200, 0x29acb200, 0x2a0cf000)
 compacting perm gen  total 12288K, used 8866K [0x33a10000, 0x34610000, 0x37a10000)
   the space 12288K,  72% used [0x33a10000, 0x342b8aa0, 0x342b8c00, 0x34610000)
    ro space 10240K,  41% used [0x37a10000, 0x37e416b0, 0x37e41800, 0x38410000)
    rw space 12288K,  52% used [0x38410000, 0x38a559f0, 0x38a55a00, 0x39010000)

Card table byte_map: [0x005d0000,0x00680000] byte_map_base: 0x004b2f80

Polling page: 0x00100000

Code Cache  [0x01b80000, 0x01e88000, 0x03b80000)
 total_blobs=2193 nmethods=1836 adapters=292 free_code_cache=29671Kb largest_free_block=30382592

Compilation events (10 events):
Event: 55.429 Thread 0x008d2400 1842             java.util.WeakHashMap$KeySet::size (8 bytes)
Event: 55.430 Thread 0x008d2400 nmethod 1842 0x01e85b08 code [0x01e85c10, 0x01e85ccc]
Event: 55.888 Thread 0x008d2400 1843             javafx.scene.control.ScrollBar::getMax (21 bytes)
Event: 55.889 Thread 0x008d2400 nmethod 1843 0x01e85d88 code [0x01e85ea0, 0x01e85f5c]
Event: 56.390 Thread 0x008d2400 1844             com.sun.javafx.scene.control.skin.SkinBase$1::handle (9 bytes)
Event: 56.391 Thread 0x008d2400 nmethod 1844 0x01e85fc8 code [0x01e860c0, 0x01e86170]
Event: 56.391 Thread 0x008d2400 1845             com.sun.javafx.scene.control.skin.SkinBase$1::handle (5 bytes)
Event: 56.391 Thread 0x008d2400 nmethod 1845 0x01e86208 code [0x01e86300, 0x01e86380]
Event: 56.725 Thread 0x008d2400 1846             javafx.scene.Scene$TargetWrapper::set (11 bytes)
Event: 56.725 Thread 0x008d2400 nmethod 1846 0x01e86408 code [0x01e86500, 0x01e865a0]

GC Heap History (10 events):
Event: 6.360 GC heap before
{Heap before GC invocations=10 (full 0):
 def new generation   total 4928K, used 4774K [0x23a10000, 0x23f60000, 0x28f60000)
  eden space 4416K, 100% used [0x23a10000, 0x23e60000, 0x23e60000)
  from space 512K,  69% used [0x23e60000, 0x23eb9800, 0x23ee0000)
  to   space 512K,   0% used [0x23ee0000, 0x23ee0000, 0x23f60000)
 tenured generation   total 10944K, used 5304K [0x28f60000, 0x29a10000, 0x33a10000)
   the space 10944K,  48% used [0x28f60000, 0x2948e1e8, 0x2948e200, 0x29a10000)
 compacting perm gen  total 12288K, used 8156K [0x33a10000, 0x34610000, 0x37a10000)
   the space 12288K,  66% used [0x33a10000, 0x34207280, 0x34207400, 0x34610000)
    ro space 10240K,  41% used [0x37a10000, 0x37e416b0, 0x37e41800, 0x38410000)
    rw space 12288K,  52% used [0x38410000, 0x38a559f0, 0x38a55a00, 0x39010000)
Event: 6.365 GC heap after
Heap after GC invocations=11 (full 0):
 def new generation   total 4928K, used 361K [0x23a10000, 0x23f60000, 0x28f60000)
  eden space 4416K,   0% used [0x23a10000, 0x23a10000, 0x23e60000)
  from space 512K,  70% used [0x23ee0000, 0x23f3a7b8, 0x23f60000)
  to   space 512K,   0% used [0x23e60000, 0x23e60000, 0x23ee0000)
 tenured generation   total 10944K, used 5461K [0x28f60000, 0x29a10000, 0x33a10000)
   the space 10944K,  49% used [0x28f60000, 0x294b5740, 0x294b5800, 0x29a10000)
 compacting perm gen  total 12288K, used 8156K [0x33a10000, 0x34610000, 0x37a10000)
   the space 12288K,  66% used [0x33a10000, 0x34207280, 0x34207400, 0x34610000)
    ro space 10240K,  41% used [0x37a10000, 0x37e416b0, 0x37e41800, 0x38410000)
    rw space 12288K,  52% used [0x38410000, 0x38a559f0, 0x38a55a00, 0x39010000)
}
Event: 8.485 GC heap before
{Heap before GC invocations=11 (full 0):
 def new generation   total 4928K, used 4777K [0x23a10000, 0x23f60000, 0x28f60000)
  eden space 4416K, 100% used [0x23a10000, 0x23e60000, 0x23e60000)
  from space 512K,  70% used [0x23ee0000, 0x23f3a7b8, 0x23f60000)
  to   space 512K,   0% used [0x23e60000, 0x23e60000, 0x23ee0000)
 tenured generation   total 10944K, used 5461K [0x28f60000, 0x29a10000, 0x33a10000)
   the space 10944K,  49% used [0x28f60000, 0x294b5740, 0x294b5800, 0x29a10000)
 compacting perm gen  total 12288K, used 8486K [0x33a10000, 0x34610000, 0x37a10000)
   the space 12288K,  69% used [0x33a10000, 0x34259a78, 0x34259c00, 0x34610000)
    ro space 10240K,  41% used [0x37a10000, 0x37e416b0, 0x37e41800, 0x38410000)
    rw space 12288K,  52% used [0x38410000, 0x38a559f0, 0x38a55a00, 0x39010000)
Event: 8.496 GC heap after
Heap after GC invocations=12 (full 0):
 def new generation   total 4928K, used 512K [0x23a10000, 0x23f60000, 0x28f60000)
  eden space 4416K,   0% used [0x23a10000, 0x23a10000, 0x23e60000)
  from space 512K, 100% used [0x23e60000, 0x23ee0000, 0x23ee0000)
  to   space 512K,   0% used [0x23ee0000, 0x23ee0000, 0x23f60000)
 tenured generation   total 10944K, used 6682K [0x28f60000, 0x29a10000, 0x33a10000)
   the space 10944K,  61% used [0x28f60000, 0x295e6b20, 0x295e6c00, 0x29a10000)
 compacting perm gen  total 12288K, used 8486K [0x33a10000, 0x34610000, 0x37a10000)
   the space 12288K,  69% used [0x33a10000, 0x34259a78, 0x34259c00, 0x34610000)
    ro space 10240K,  41% used [0x37a10000, 0x37e416b0, 0x37e41800, 0x38410000)
    rw space 12288K,  52% used [0x38410000, 0x38a559f0, 0x38a55a00, 0x39010000)
}
Event: 14.440 GC heap before
{Heap before GC invocations=12 (full 0):
 def new generation   total 4928K, used 4928K [0x23a10000, 0x23f60000, 0x28f60000)
  eden space 4416K, 100% used [0x23a10000, 0x23e60000, 0x23e60000)
  from space 512K, 100% used [0x23e60000, 0x23ee0000, 0x23ee0000)
  to   space 512K,   0% used [0x23ee0000, 0x23ee0000, 0x23f60000)
 tenured generation   total 10944K, used 6682K [0x28f60000, 0x29a10000, 0x33a10000)
   the space 10944K,  61% used [0x28f60000, 0x295e6b20, 0x295e6c00, 0x29a10000)
 compacting perm gen  total 12288K, used 8717K [0x33a10000, 0x34610000, 0x37a10000)
   the space 12288K,  70% used [0x33a10000, 0x34293780, 0x34293800, 0x34610000)
    ro space 10240K,  41% used [0x37a10000, 0x37e416b0, 0x37e41800, 0x38410000)
    rw space 12288K,  52% used [0x38410000, 0x38a559f0, 0x38a55a00, 0x39010000)
Event: 14.454 GC heap after
Heap after GC invocations=13 (full 0):
 def new generation   total 4928K, used 512K [0x23a10000, 0x23f60000, 0x28f60000)
  eden space 4416K,   0% used [0x23a10000, 0x23a10000, 0x23e60000)
  from space 512K, 100% used [0x23ee0000, 0x23f60000, 0x23f60000)
  to   space 512K,   0% used [0x23e60000, 0x23e60000, 0x23ee0000)
 tenured generation   total 10944K, used 8170K [0x28f60000, 0x29a10000, 0x33a10000)
   the space 10944K,  74% used [0x28f60000, 0x2975a920, 0x2975aa00, 0x29a10000)
 compacting perm gen  total 12288K, used 8717K [0x33a10000, 0x34610000, 0x37a10000)
   the space 12288K,  70% used [0x33a10000, 0x34293780, 0x34293800, 0x34610000)
    ro space 10240K,  41% used [0x37a10000, 0x37e416b0, 0x37e41800, 0x38410000)
    rw space 12288K,  52% used [0x38410000, 0x38a559f0, 0x38a55a00, 0x39010000)
}
Event: 14.597 GC heap before
{Heap before GC invocations=13 (full 0):
 def new generation   total 4928K, used 4928K [0x23a10000, 0x23f60000, 0x28f60000)
  eden space 4416K, 100% used [0x23a10000, 0x23e60000, 0x23e60000)
  from space 512K, 100% used [0x23ee0000, 0x23f60000, 0x23f60000)
  to   space 512K,   0% used [0x23e60000, 0x23e60000, 0x23ee0000)
 tenured generation   total 10944K, used 8170K [0x28f60000, 0x29a10000, 0x33a10000)
   the space 10944K,  74% used [0x28f60000, 0x2975a920, 0x2975aa00, 0x29a10000)
 compacting perm gen  total 12288K, used 8786K [0x33a10000, 0x34610000, 0x37a10000)
   the space 12288K,  71% used [0x33a10000, 0x342a4a70, 0x342a4c00, 0x34610000)
    ro space 10240K,  41% used [0x37a10000, 0x37e416b0, 0x37e41800, 0x38410000)
    rw space 12288K,  52% used [0x38410000, 0x38a559f0, 0x38a55a00, 0x39010000)
Event: 14.701 GC heap after
Heap after GC invocations=14 (full 1):
 def new generation   total 8064K, used 0K [0x23a10000, 0x242d0000, 0x28f60000)
  eden space 7168K,   0% used [0x23a10000, 0x23a10000, 0x24110000)
  from space 896K,   0% used [0x24110000, 0x24110000, 0x241f0000)
  to   space 896K,   0% used [0x241f0000, 0x241f0000, 0x242d0000)
 tenured generation   total 17852K, used 10710K [0x28f60000, 0x2a0cf000, 0x33a10000)
   the space 17852K,  59% used [0x28f60000, 0x299d5a10, 0x299d5c00, 0x2a0cf000)
 compacting perm gen  total 12288K, used 8786K [0x33a10000, 0x34610000, 0x37a10000)
   the space 12288K,  71% used [0x33a10000, 0x342a4a70, 0x342a4c00, 0x34610000)
    ro space 10240K,  41% used [0x37a10000, 0x37e416b0, 0x37e41800, 0x38410000)
    rw space 12288K,  52% used [0x38410000, 0x38a559f0, 0x38a55a00, 0x39010000)
}
Event: 33.247 GC heap before
{Heap before GC invocations=14 (full 1):
 def new generation   total 8064K, used 7168K [0x23a10000, 0x242d0000, 0x28f60000)
  eden space 7168K, 100% used [0x23a10000, 0x24110000, 0x24110000)
  from space 896K,   0% used [0x24110000, 0x24110000, 0x241f0000)
  to   space 896K,   0% used [0x241f0000, 0x241f0000, 0x242d0000)
 tenured generation   total 17852K, used 10710K [0x28f60000, 0x2a0cf000, 0x33a10000)
   the space 17852K,  59% used [0x28f60000, 0x299d5a10, 0x299d5c00, 0x2a0cf000)
 compacting perm gen  total 12288K, used 8858K [0x33a10000, 0x34610000, 0x37a10000)
   the space 12288K,  72% used [0x33a10000, 0x342b6818, 0x342b6a00, 0x34610000)
    ro space 10240K,  41% used [0x37a10000, 0x37e416b0, 0x37e41800, 0x38410000)
    rw space 12288K,  52% used [0x38410000, 0x38a559f0, 0x38a55a00, 0x39010000)
Event: 33.260 GC heap after
Heap after GC invocations=15 (full 1):
 def new generation   total 8064K, used 896K [0x23a10000, 0x242d0000, 0x28f60000)
  eden space 7168K,   0% used [0x23a10000, 0x23a10000, 0x24110000)
  from space 896K, 100% used [0x241f0000, 0x242d0000, 0x242d0000)
  to   space 896K,   0% used [0x24110000, 0x24110000, 0x241f0000)
 tenured generation   total 17852K, used 11692K [0x28f60000, 0x2a0cf000, 0x33a10000)
   the space 17852K,  65% used [0x28f60000, 0x29acb200, 0x29acb200, 0x2a0cf000)
 compacting perm gen  total 12288K, used 8858K [0x33a10000, 0x34610000, 0x37a10000)
   the space 12288K,  72% used [0x33a10000, 0x342b6818, 0x342b6a00, 0x34610000)
    ro space 10240K,  41% used [0x37a10000, 0x37e416b0, 0x37e41800, 0x38410000)
    rw space 12288K,  52% used [0x38410000, 0x38a559f0, 0x38a55a00, 0x39010000)
}

Deoptimization events (0 events):
No events

Internal exceptions (10 events):
Event: 14.511 Thread 0x04150400 Threw 0x23b53e28 at C:\jdk7u2_32P\jdk7u40\hotspot\src\share\vm\prims\jvm.cpp:1244
Event: 14.702 Thread 0x00862000 Threw 0x23a32f00 at C:\jdk7u2_32P\jdk7u40\hotspot\src\share\vm\interpreter\linkResolver.cpp:883
Event: 14.794 Thread 0x03d5cc00 Threw 0x23c13c50 at C:\jdk7u2_32P\jdk7u40\hotspot\src\share\vm\prims\jvm.cpp:1244
Event: 14.795 Thread 0x03d5cc00 Threw 0x23c16ca0 at C:\jdk7u2_32P\jdk7u40\hotspot\src\share\vm\prims\jvm.cpp:1244
Event: 14.796 Thread 0x03d5cc00 Threw 0x23c1c5a8 at C:\jdk7u2_32P\jdk7u40\hotspot\src\share\vm\prims\jvm.cpp:1244
Event: 22.493 Thread 0x04150400 Threw 0x23d40ad8 at C:\jdk7u2_32P\jdk7u40\hotspot\src\share\vm\prims\jvm.cpp:1244
Event: 53.870 Thread 0x04150400 Threw 0x23dd5fc8 at C:\jdk7u2_32P\jdk7u40\hotspot\src\share\vm\prims\jvm.cpp:1244
Event: 53.872 Thread 0x04150400 Threw 0x23dd8f10 at C:\jdk7u2_32P\jdk7u40\hotspot\src\share\vm\prims\jvm.cpp:1244
Event: 53.873 Thread 0x04150400 Threw 0x23ddb9e8 at C:\jdk7u2_32P\jdk7u40\hotspot\src\share\vm\prims\jvm.cpp:1244
Event: 53.875 Thread 0x04150400 Threw 0x23ddeae0 at C:\jdk7u2_32P\jdk7u40\hotspot\src\share\vm\prims\jvm.cpp:1244

Events (10 events):
Event: 33.246 Executing VM operation: GenCollectForAllocation
Event: 33.261 Executing VM operation: GenCollectForAllocation done
Event: 53.870 loading class 0x042f2200
Event: 53.870 loading class 0x042f2200 done
Event: 53.872 loading class 0x042d26f8
Event: 53.872 loading class 0x042d26f8 done
Event: 53.873 loading class 0x042d2748
Event: 53.873 loading class 0x042d2748 done
Event: 53.875 loading class 0x0429b068
Event: 53.875 loading class 0x0429b068 done


Dynamic libraries:
0x00f50000 - 0x00f7f000 	C:\Program Files\Java\jre7\bin\javaw.exe
0x77330000 - 0x7746c000 	C:\Windows\SYSTEM32\ntdll.dll
0x75a80000 - 0x75b54000 	C:\Windows\system32\kernel32.dll
0x75620000 - 0x7566a000 	C:\Windows\system32\KERNELBASE.dll
0x77090000 - 0x77130000 	C:\Windows\system32\ADVAPI32.dll
0x76a50000 - 0x76afc000 	C:\Windows\system32\msvcrt.dll
0x77480000 - 0x77499000 	C:\Windows\SYSTEM32\sechost.dll
0x76b00000 - 0x76ba1000 	C:\Windows\system32\RPCRT4.dll
0x76fc0000 - 0x77089000 	C:\Windows\system32\USER32.dll
0x75b60000 - 0x75bae000 	C:\Windows\system32\GDI32.dll
0x774a0000 - 0x774aa000 	C:\Windows\system32\LPK.dll
0x75910000 - 0x759ad000 	C:\Windows\system32\USP10.dll
0x74410000 - 0x745ae000 	C:\Windows\WinSxS\x86_microsoft.windows.common-controls_6595b64144ccf1df_6.0.7600.16385_none_421189da2b7fabfc\COMCTL32.dll
0x772d0000 - 0x77327000 	C:\Windows\system32\SHLWAPI.dll
0x76bb0000 - 0x76bcf000 	C:\Windows\system32\IMM32.DLL
0x76800000 - 0x768cc000 	C:\Windows\system32\MSCTF.dll
0x66960000 - 0x66a1e000 	C:\Program Files\Java\jre7\bin\msvcr100.dll
0x628e0000 - 0x62c60000 	C:\Program Files\Java\jre7\bin\client\jvm.dll
0x6e890000 - 0x6e897000 	C:\Windows\system32\WSOCK32.dll
0x759b0000 - 0x759e5000 	C:\Windows\system32\WS2_32.dll
0x77470000 - 0x77476000 	C:\Windows\system32\NSI.dll
0x737a0000 - 0x737d2000 	C:\Windows\system32\WINMM.dll
0x76a30000 - 0x76a35000 	C:\Windows\system32\PSAPI.DLL
0x743f0000 - 0x743fc000 	C:\Program Files\Java\jre7\bin\verify.dll
0x717d0000 - 0x717f0000 	C:\Program Files\Java\jre7\bin\java.dll
0x71c00000 - 0x71c13000 	C:\Program Files\Java\jre7\bin\zip.dll
0x72ee0000 - 0x72eed000 	C:\Program Files\Java\jre7\bin\prism-d3d.dll
0x6f750000 - 0x6f913000 	C:\Windows\system32\d3d9.dll
0x74980000 - 0x74989000 	C:\Windows\system32\VERSION.dll
0x6f740000 - 0x6f746000 	C:\Windows\system32\d3d8thk.dll
0x73e50000 - 0x73e63000 	C:\Windows\system32\dwmapi.dll
0x74290000 - 0x742d0000 	C:\Windows\system32\uxtheme.dll
0x562d0000 - 0x56681000 	C:\Windows\system32\igdumd32.dll
0x71770000 - 0x71797000 	C:\Program Files\Java\jre7\bin\glass.dll
0x774b0000 - 0x7752b000 	C:\Windows\system32\COMDLG32.dll
0x75bb0000 - 0x767f9000 	C:\Windows\system32\SHELL32.dll
0x768d0000 - 0x76a2c000 	C:\Windows\system32\ole32.dll
0x759f0000 - 0x75a7f000 	C:\Windows\system32\OLEAUT32.dll
0x753d0000 - 0x753dc000 	C:\Windows\system32\CRYPTBASE.dll
0x6eab0000 - 0x6eac4000 	C:\Program Files\Java\jre7\bin\net.dll
0x74ec0000 - 0x74efc000 	C:\Windows\system32\mswsock.dll
0x74eb0000 - 0x74eb6000 	C:\Windows\System32\wship6.dll
0x74400000 - 0x7440f000 	C:\Program Files\Java\jre7\bin\nio.dll
0x717f0000 - 0x7182d000 	C:\Program Files\Java\jre7\bin\javafx-font.dll
0x75780000 - 0x75803000 	C:\Windows\system32\CLBCatQ.DLL
0x73520000 - 0x7361b000 	C:\Windows\system32\WindowsCodecs.dll
0x75380000 - 0x753cb000 	C:\Windows\system32\apphelp.dll
0x6d800000 - 0x6d831000 	C:\Windows\system32\EhStorShell.dll
0x76dd0000 - 0x76f6d000 	C:\Windows\system32\SETUPAPI.dll
0x75690000 - 0x756b7000 	C:\Windows\system32\CFGMGR32.dll
0x75670000 - 0x75682000 	C:\Windows\system32\DEVOBJ.dll
0x742d0000 - 0x743c5000 	C:\Windows\system32\PROPSYS.dll
0x6cfe0000 - 0x6d3ea000 	C:\PROGRA~1\MICROS~2\Office14\GROOVEEX.DLL
0x6d750000 - 0x6d7f3000 	C:\Windows\WinSxS\x86_microsoft.vc90.crt_1fc8b3b9a1e18e3b_9.0.30729.4926_none_508ed732bcbc0e5a\MSVCR90.dll
0x6d6c0000 - 0x6d74e000 	C:\Windows\WinSxS\x86_microsoft.vc90.crt_1fc8b3b9a1e18e3b_9.0.30729.4926_none_508ed732bcbc0e5a\MSVCP90.dll
0x6d690000 - 0x6d6bb000 	C:\Windows\WinSxS\x86_microsoft.vc90.atl_1fc8b3b9a1e18e3b_9.0.30729.4148_none_51ca66a2bbe76806\ATL90.DLL
0x6cbd0000 - 0x6cfdf000 	C:\PROGRA~1\COMMON~1\MICROS~1\OFFICE14\Cultures\office.odf
0x6c360000 - 0x6cbc4000 	C:\PROGRA~1\MICROS~2\Office14\1033\GrooveIntlResource.dll
0x6d680000 - 0x6d687000 	C:\Program Files\Internet Download Manager\IDMShellExt.dll
0x6d5f0000 - 0x6d65a000 	C:\Windows\System32\cscui.dll
0x6d5e0000 - 0x6d5e9000 	C:\Windows\System32\CSCDLL.dll
0x6e320000 - 0x6e32b000 	C:\Windows\system32\CSCAPI.dll
0x6d570000 - 0x6d5df000 	C:\Windows\system32\ntshrui.dll
0x751a0000 - 0x751b9000 	C:\Windows\system32\srvcli.dll
0x73b20000 - 0x73b2a000 	C:\Windows\system32\slc.dll
0x71850000 - 0x71871000 	C:\Program Files\Common Files\Microsoft Shared\Ink\rtscom.dll
0x10000000 - 0x10008000 	C:\Program Files\Internet Download Manager\idmmkb.dll
0x709c0000 - 0x70aab000 	C:\Windows\system32\dbghelp.dll

VM Arguments:
jvm_args: -Dfile.encoding=Cp1252 
java_command: com.kc.controller.LoginController
Launcher Type: SUN_STANDARD

Environment Variables:
PATH=C:/Program Files/Java/jre7/bin/client;C:/Program Files/Java/jre7/bin;C:/Program Files/Java/jre7/lib/i386;C:\Windows\SYSTEM32;C:\Windows;C:\Windows\SYSTEM32\WBEM;C:\Windows\SYSTEM32\WINDOWSPOWERSHELL\V1.0\;;E:\eclipse;
USERNAME=veer
OS=Windows_NT
PROCESSOR_IDENTIFIER=x86 Family 6 Model 15 Stepping 13, GenuineIntel



---------------  S Y S T E M  ---------------

OS: Windows 7 Build 7600 

CPU:total 2 (2 cores per cpu, 1 threads per core) family 6 model 15 stepping 13, cmov, cx8, fxsr, mmx, sse, sse2, sse3, ssse3, tsc

Memory: 4k page, physical 3136824k(1124332k free), swap 7052172k(3621108k free)

vm_info: Java HotSpot(TM) Client VM (24.0-b56) for windows-x86 JRE (1.7.0_40-b43), built on Aug 26 2013 22:34:40 by "java_re" with unknown MS VC++:1600

time: Wed Dec 18 15:08:54 2013
elapsed time: 57 seconds

