#
# A fatal error has been detected by the Java Runtime Environment:
#
#  EXCEPTION_ACCESS_VIOLATION (0xc0000005) at pc=0xf4c05639, pid=1424, tid=7544
#
# JRE version: Java(TM) SE Runtime Environment (7.0_40-b43) (build 1.7.0_40-b43)
# Java VM: Java HotSpot(TM) Client VM (24.0-b56 mixed mode, sharing windows-x86 )
# Problematic frame:
# C  0xf4c05639
#
# Failed to write core dump. Minidumps are not enabled by default on client versions of Windows
#
# If you would like to submit a bug report, please visit:
#   http://bugreport.sun.com/bugreport/crash.jsp
# The crash happened outside the Java Virtual Machine in native code.
# See problematic frame for where to report the bug.
#

---------------  T H R E A D  ---------------

Current thread (0x03bc9c00):  JavaThread "QuantumRenderer-0" daemon [_thread_in_native, id=7544, stack(0x03d00000,0x03d50000)]

siginfo: ExceptionCode=0xc0000005, ExceptionInformation=0x00000008 0xf4c05639

Registers:
EAX=0xf4c05639, EBX=0x0500bc70, ECX=0x050a4268, EDX=0x565f01f6
ESP=0x03d47d80, EBP=0x00000000, ESI=0x04db7f00, EDI=0x03d47dbc
EIP=0xf4c05639, EFLAGS=0x00010202

Top of Stack: (sp=0x03d47d80)
0x03d47d80:   563d1629 00000001 0500bc68 04db7db0
0x03d47d90:   56446d0e 03d47dbc 04db7db0 03d47df4
0x03d47da0:   00080000 00000000 050abb48 00001a06
0x03d47db0:   00000000 563ae4d2 03d47dd0 050a4268
0x03d47dc0:   00000000 04db7db0 03d47e08 56446dfb
0x03d47dd0:   00000001 00000000 00000000 03d47e34
0x03d47de0:   04db7db0 04f9274c 5644703b 00060000
0x03d47df0:   00000001 00000001 00000020 03d47e48 

Instructions: (pc=0xf4c05639)
0xf4c05619:   
[error occurred during error reporting (printing registers, top of stack, instructions near pc), id 0xc0000005]

Register to memory mapping:

EAX=0xf4c05639 is an unknown value
EBX=0x0500bc70 is an unknown value
ECX=0x050a4268 is an unknown value
EDX=0x565f01f6 is an unknown value
ESP=0x03d47d80 is pointing into the stack for thread: 0x03bc9c00
EBP=0x00000000 is an unknown value
ESI=0x04db7f00 is an unknown value
EDI=0x03d47dbc is pointing into the stack for thread: 0x03bc9c00


Stack: [0x03d00000,0x03d50000],  sp=0x03d47d80,  free space=287k
Native frames: (J=compiled Java code, j=interpreted, Vv=VM code, C=native code)
C  0xf4c05639

[error occurred during error reporting (printing native stack), id 0xc0000005]

Java frames: (J=compiled Java code, j=interpreted, Vv=VM code)
J  com.sun.prism.d3d.D3DVertexBuffer.nDrawIndexedQuads(J[F[BI)I
J  com.sun.prism.d3d.D3DVertexBuffer.drawQuads(I)V
J  com.sun.prism.impl.ps.BaseShaderContext.checkState(Lcom/sun/prism/impl/ps/BaseShaderGraphics;Lcom/sun/javafx/geom/transform/BaseTransform;Lcom/sun/prism/ps/Shader;Lcom/sun/prism/Texture;Lcom/sun/prism/Texture;)V
J  com.sun.prism.impl.ps.BaseShaderContext.validatePaintOp(Lcom/sun/prism/impl/ps/BaseShaderGraphics;Lcom/sun/javafx/geom/transform/BaseTransform;Lcom/sun/prism/impl/ps/BaseShaderContext$MaskType;Lcom/sun/prism/Texture;FFFF)Lcom/sun/prism/ps/Shader;
J  com.sun.prism.impl.ps.BaseShaderGraphics.renderGeneralRoundedPgram(FFFFFFFFFFLcom/sun/javafx/geom/transform/BaseTransform;Lcom/sun/prism/impl/ps/BaseShaderContext$MaskType;FFFF)V
J  com.sun.prism.impl.ps.BaseShaderGraphics.renderGeneralRoundedRect(FFFFFFLcom/sun/prism/impl/ps/BaseShaderContext$MaskType;Lcom/sun/prism/BasicStroke;)V
J  com.sun.prism.impl.ps.BaseShaderGraphics.fillRect(FFFF)V
J  com.sun.javafx.sg.prism.NGRegion.fillShape(Lcom/sun/prism/Graphics;Lcom/sun/javafx/sg/BackgroundFill;I)V
J  com.sun.javafx.sg.prism.NGRegion.renderContent(Lcom/sun/prism/Graphics;)V
J  com.sun.javafx.sg.prism.NGNode.renderForClip(Lcom/sun/prism/Graphics;)V
J  com.sun.javafx.sg.prism.NGNode.renderRectClip(Lcom/sun/prism/Graphics;Lcom/sun/javafx/sg/prism/NGRectangle;)V
J  com.sun.javafx.sg.prism.NGNode.renderClip(Lcom/sun/prism/Graphics;)V
J  com.sun.javafx.sg.prism.NGNode.doRender(Lcom/sun/prism/Graphics;)V
J  com.sun.javafx.sg.prism.NGNode.doRender(Ljava/lang/Object;)V
J  com.sun.javafx.sg.BaseNode.render(Ljava/lang/Object;)V
J  com.sun.javafx.sg.prism.NGGroup.renderContent(Lcom/sun/prism/Graphics;)V
J  com.sun.javafx.sg.prism.NGNode.doRender(Lcom/sun/prism/Graphics;)V
J  com.sun.javafx.sg.prism.NGNode.doRender(Ljava/lang/Object;)V
J  com.sun.javafx.sg.BaseNode.render(Ljava/lang/Object;)V
J  com.sun.javafx.sg.prism.NGGroup.renderContent(Lcom/sun/prism/Graphics;)V
J  com.sun.javafx.sg.prism.NGRegion.renderContent(Lcom/sun/prism/Graphics;)V
J  com.sun.javafx.sg.prism.NGNode.doRender(Lcom/sun/prism/Graphics;)V
J  com.sun.javafx.sg.prism.NGNode.doRender(Ljava/lang/Object;)V
J  com.sun.javafx.sg.BaseNode.render(Ljava/lang/Object;)V
J  com.sun.javafx.sg.prism.NGGroup.renderContent(Lcom/sun/prism/Graphics;)V
J  com.sun.javafx.sg.prism.NGNode.doRender(Lcom/sun/prism/Graphics;)V
J  com.sun.javafx.sg.prism.NGNode.doRender(Ljava/lang/Object;)V
J  com.sun.javafx.sg.BaseNode.render(Ljava/lang/Object;)V
J  com.sun.javafx.sg.prism.NGGroup.renderContent(Lcom/sun/prism/Graphics;)V
J  com.sun.javafx.sg.prism.NGNode.doRender(Lcom/sun/prism/Graphics;)V
J  com.sun.javafx.sg.prism.NGNode.doRender(Ljava/lang/Object;)V
J  com.sun.javafx.sg.BaseNode.render(Ljava/lang/Object;)V
J  com.sun.javafx.sg.prism.NGGroup.renderContent(Lcom/sun/prism/Graphics;)V
J  com.sun.javafx.sg.prism.NGNode.doRender(Lcom/sun/prism/Graphics;)V
J  com.sun.javafx.sg.prism.NGNode.doRender(Ljava/lang/Object;)V
J  com.sun.javafx.sg.BaseNode.render(Ljava/lang/Object;)V
J  com.sun.javafx.sg.prism.NGGroup.renderContent(Lcom/sun/prism/Graphics;)V
J  com.sun.javafx.sg.prism.NGRegion.renderContent(Lcom/sun/prism/Graphics;)V
J  com.sun.javafx.sg.prism.NGNode.renderForClip(Lcom/sun/prism/Graphics;)V
J  com.sun.javafx.sg.prism.NGNode.renderRectClip(Lcom/sun/prism/Graphics;Lcom/sun/javafx/sg/prism/NGRectangle;)V
J  com.sun.javafx.sg.prism.NGNode.renderClip(Lcom/sun/prism/Graphics;)V
J  com.sun.javafx.sg.prism.NGNode.doRender(Lcom/sun/prism/Graphics;)V
J  com.sun.javafx.sg.prism.NGNode.doRender(Ljava/lang/Object;)V
J  com.sun.javafx.sg.BaseNode.render(Ljava/lang/Object;)V
J  com.sun.javafx.sg.prism.NGGroup.renderContent(Lcom/sun/prism/Graphics;)V
J  com.sun.javafx.sg.prism.NGRegion.renderContent(Lcom/sun/prism/Graphics;)V
J  com.sun.javafx.sg.prism.NGNode.doRender(Lcom/sun/prism/Graphics;)V
J  com.sun.javafx.sg.prism.NGNode.doRender(Ljava/lang/Object;)V
J  com.sun.javafx.sg.BaseNode.render(Ljava/lang/Object;)V
J  com.sun.javafx.sg.prism.NGGroup.renderContent(Lcom/sun/prism/Graphics;)V
J  com.sun.javafx.sg.prism.NGRegion.renderContent(Lcom/sun/prism/Graphics;)V
J  com.sun.javafx.sg.prism.NGNode.doRender(Lcom/sun/prism/Graphics;)V
J  com.sun.javafx.sg.prism.NGNode.doRender(Ljava/lang/Object;)V
J  com.sun.javafx.sg.BaseNode.render(Ljava/lang/Object;)V
J  com.sun.javafx.sg.prism.NGGroup.renderContent(Lcom/sun/prism/Graphics;)V
J  com.sun.javafx.sg.prism.NGNode.doRender(Lcom/sun/prism/Graphics;)V
J  com.sun.javafx.sg.prism.NGNode.doRender(Ljava/lang/Object;)V
J  com.sun.javafx.sg.BaseNode.render(Ljava/lang/Object;)V
J  com.sun.javafx.sg.prism.NGGroup.renderContent(Lcom/sun/prism/Graphics;)V
J  com.sun.javafx.sg.prism.NGRegion.renderContent(Lcom/sun/prism/Graphics;)V
J  com.sun.javafx.sg.prism.NGNode.doRender(Lcom/sun/prism/Graphics;)V
J  com.sun.javafx.sg.prism.NGNode.doRender(Ljava/lang/Object;)V
J  com.sun.javafx.sg.BaseNode.render(Ljava/lang/Object;)V
J  com.sun.javafx.sg.prism.NGGroup.renderContent(Lcom/sun/prism/Graphics;)V
J  com.sun.javafx.sg.prism.NGRegion.renderContent(Lcom/sun/prism/Graphics;)V
J  com.sun.javafx.sg.prism.NGNode.doRender(Lcom/sun/prism/Graphics;)V
J  com.sun.javafx.sg.prism.NGNode.doRender(Ljava/lang/Object;)V
J  com.sun.javafx.sg.BaseNode.render(Ljava/lang/Object;)V
J  com.sun.javafx.sg.prism.NGGroup.renderContent(Lcom/sun/prism/Graphics;)V
J  com.sun.javafx.sg.prism.NGRegion.renderContent(Lcom/sun/prism/Graphics;)V
J  com.sun.javafx.sg.prism.NGNode.renderForClip(Lcom/sun/prism/Graphics;)V
J  com.sun.javafx.sg.prism.NGNode.renderRectClip(Lcom/sun/prism/Graphics;Lcom/sun/javafx/sg/prism/NGRectangle;)V
J  com.sun.javafx.sg.prism.NGNode.renderClip(Lcom/sun/prism/Graphics;)V
J  com.sun.javafx.sg.prism.NGNode.doRender(Lcom/sun/prism/Graphics;)V
J  com.sun.javafx.sg.prism.NGNode.doRender(Ljava/lang/Object;)V
J  com.sun.javafx.sg.BaseNode.render(Ljava/lang/Object;)V
J  com.sun.javafx.sg.prism.NGGroup.renderContent(Lcom/sun/prism/Graphics;)V
J  com.sun.javafx.sg.prism.NGRegion.renderContent(Lcom/sun/prism/Graphics;)V
J  com.sun.javafx.sg.prism.NGNode.doRender(Lcom/sun/prism/Graphics;)V
J  com.sun.javafx.sg.prism.NGNode.doRender(Ljava/lang/Object;)V
J  com.sun.javafx.sg.BaseNode.render(Ljava/lang/Object;)V
J  com.sun.javafx.sg.prism.NGGroup.renderContent(Lcom/sun/prism/Graphics;)V
J  com.sun.javafx.sg.prism.NGNode.doRender(Lcom/sun/prism/Graphics;)V
J  com.sun.javafx.sg.prism.NGNode.doRender(Ljava/lang/Object;)V
J  com.sun.javafx.sg.BaseNode.render(Ljava/lang/Object;)V
J  com.sun.javafx.sg.prism.NGGroup.renderContent(Lcom/sun/prism/Graphics;)V
J  com.sun.javafx.sg.prism.NGRegion.renderContent(Lcom/sun/prism/Graphics;)V
J  com.sun.javafx.sg.prism.NGNode.doRender(Lcom/sun/prism/Graphics;)V
J  com.sun.javafx.sg.prism.NGNode.doRender(Ljava/lang/Object;)V
J  com.sun.javafx.sg.BaseNode.render(Ljava/lang/Object;)V
J  com.sun.javafx.sg.prism.NGGroup.renderContent(Lcom/sun/prism/Graphics;)V
J  com.sun.javafx.sg.prism.NGRegion.renderContent(Lcom/sun/prism/Graphics;)V
J  com.sun.javafx.sg.prism.NGNode.renderForClip(Lcom/sun/prism/Graphics;)V
J  com.sun.javafx.sg.prism.NGNode.renderRectClip(Lcom/sun/prism/Graphics;Lcom/sun/javafx/sg/prism/NGRectangle;)V
J  com.sun.javafx.sg.prism.NGNode.renderClip(Lcom/sun/prism/Graphics;)V
J  com.sun.javafx.sg.prism.NGNode.doRender(Lcom/sun/prism/Graphics;)V
J  com.sun.javafx.sg.prism.NGNode.doRender(Ljava/lang/Object;)V
J  com.sun.javafx.sg.BaseNode.render(Ljava/lang/Object;)V
J  com.sun.javafx.sg.prism.NGGroup.renderContent(Lcom/sun/prism/Graphics;)V
J  com.sun.javafx.sg.prism.NGRegion.renderContent(Lcom/sun/prism/Graphics;)V
J  com.sun.javafx.sg.prism.NGNode.renderForClip(Lcom/sun/prism/Graphics;)V
J  com.sun.javafx.sg.prism.NGNode.renderRectClip(Lcom/sun/prism/Graphics;Lcom/sun/javafx/sg/prism/NGRectangle;)V
J  com.sun.javafx.sg.prism.NGNode.renderClip(Lcom/sun/prism/Graphics;)V
J  com.sun.javafx.sg.prism.NGNode.doRender(Lcom/sun/prism/Graphics;)V
J  com.sun.javafx.sg.prism.NGNode.doRender(Ljava/lang/Object;)V
J  com.sun.javafx.sg.BaseNode.render(Ljava/lang/Object;)V
J  com.sun.javafx.sg.prism.NGGroup.renderContent(Lcom/sun/prism/Graphics;)V
J  com.sun.javafx.sg.prism.NGNode.doRender(Lcom/sun/prism/Graphics;)V
J  com.sun.javafx.sg.prism.NGNode.doRender(Ljava/lang/Object;)V
J  com.sun.javafx.sg.BaseNode.render(Ljava/lang/Object;)V
J  com.sun.javafx.sg.prism.NGGroup.renderContent(Lcom/sun/prism/Graphics;)V
J  com.sun.javafx.sg.prism.NGRegion.renderContent(Lcom/sun/prism/Graphics;)V
J  com.sun.javafx.sg.prism.NGNode.doRender(Lcom/sun/prism/Graphics;)V
J  com.sun.javafx.sg.prism.NGNode.doRender(Ljava/lang/Object;)V
J  com.sun.javafx.sg.BaseNode.render(Ljava/lang/Object;)V
J  com.sun.javafx.sg.prism.NGGroup.renderContent(Lcom/sun/prism/Graphics;)V
J  com.sun.javafx.sg.prism.NGRegion.renderContent(Lcom/sun/prism/Graphics;)V
J  com.sun.javafx.sg.prism.NGNode.renderForClip(Lcom/sun/prism/Graphics;)V
J  com.sun.javafx.sg.prism.NGNode.renderRectClip(Lcom/sun/prism/Graphics;Lcom/sun/javafx/sg/prism/NGRectangle;)V
J  com.sun.javafx.sg.prism.NGNode.renderClip(Lcom/sun/prism/Graphics;)V
J  com.sun.javafx.sg.prism.NGNode.doRender(Lcom/sun/prism/Graphics;)V
J  com.sun.javafx.sg.prism.NGNode.doRender(Ljava/lang/Object;)V
J  com.sun.javafx.sg.BaseNode.render(Ljava/lang/Object;)V
J  com.sun.javafx.sg.prism.NGGroup.renderContent(Lcom/sun/prism/Graphics;)V
J  com.sun.javafx.sg.prism.NGRegion.renderContent(Lcom/sun/prism/Graphics;)V
J  com.sun.javafx.sg.prism.NGNode.doRender(Lcom/sun/prism/Graphics;)V
J  com.sun.javafx.sg.prism.NGNode.doRender(Ljava/lang/Object;)V
J  com.sun.javafx.sg.BaseNode.render(Ljava/lang/Object;)V
J  com.sun.javafx.sg.prism.NGGroup.renderContent(Lcom/sun/prism/Graphics;)V
J  com.sun.javafx.sg.prism.NGNode.doRender(Lcom/sun/prism/Graphics;)V
J  com.sun.javafx.sg.prism.NGNode.doRender(Ljava/lang/Object;)V
J  com.sun.javafx.sg.BaseNode.render(Ljava/lang/Object;)V
J  com.sun.javafx.sg.prism.NGGroup.renderContent(Lcom/sun/prism/Graphics;)V
J  com.sun.javafx.sg.prism.NGRegion.renderContent(Lcom/sun/prism/Graphics;)V
J  com.sun.javafx.sg.prism.NGNode.doRender(Lcom/sun/prism/Graphics;)V
J  com.sun.javafx.sg.prism.NGNode.doRender(Ljava/lang/Object;)V
J  com.sun.javafx.sg.BaseNode.render(Ljava/lang/Object;)V
J  com.sun.javafx.sg.prism.NGGroup.renderContent(Lcom/sun/prism/Graphics;)V
J  com.sun.javafx.sg.prism.NGRegion.renderContent(Lcom/sun/prism/Graphics;)V
J  com.sun.javafx.sg.prism.NGNode.doRender(Lcom/sun/prism/Graphics;)V
J  com.sun.javafx.sg.prism.NGNode.doRender(Ljava/lang/Object;)V
J  com.sun.javafx.sg.BaseNode.render(Ljava/lang/Object;)V
j  com.sun.javafx.tk.quantum.ViewPainter.doPaint(Lcom/sun/prism/Graphics;)V+135
j  com.sun.javafx.tk.quantum.AbstractPainter.paintImpl(Lcom/sun/prism/Graphics;)V+235
j  com.sun.javafx.tk.quantum.PresentingPainter.run()V+332
j  java.util.concurrent.Executors$RunnableAdapter.call()Ljava/lang/Object;+4
j  java.util.concurrent.FutureTask.runAndReset()Z+47
j  com.sun.prism.render.RenderJob.run()V+1
j  java.util.concurrent.ThreadPoolExecutor.runWorker(Ljava/util/concurrent/ThreadPoolExecutor$Worker;)V+95
j  java.util.concurrent.ThreadPoolExecutor$Worker.run()V+5
j  com.sun.javafx.tk.quantum.QuantumRenderer$PipelineRunnable.run()V+8
j  java.lang.Thread.run()V+11
v  ~StubRoutines::call_stub

---------------  P R O C E S S  ---------------

Java Threads: ( => current thread )
  0x04233800 JavaThread "Prism Font Disposer" daemon [_thread_blocked, id=2220, stack(0x05d20000,0x05d70000)]
  0x0407bc00 JavaThread "MySQL Statement Cancellation Timer" daemon [_thread_blocked, id=4696, stack(0x055a0000,0x055f0000)]
  0x04055800 JavaThread "Thread-3" daemon [_thread_in_native, id=4340, stack(0x05240000,0x05290000)]
  0x04014c00 JavaThread "JavaFX Application Thread" [_thread_blocked, id=1932, stack(0x03f00000,0x03f50000)]
  0x03bd3800 JavaThread "Thread-2" daemon [_thread_blocked, id=7216, stack(0x04510000,0x04560000)]
  0x03bdac00 JavaThread "Disposer" daemon [_thread_blocked, id=7072, stack(0x04460000,0x044b0000)]
=>0x03bc9c00 JavaThread "QuantumRenderer-0" daemon [_thread_in_native, id=7544, stack(0x03d00000,0x03d50000)]
  0x03b4ac00 JavaThread "JavaFX-Launcher" [_thread_blocked, id=7692, stack(0x01320000,0x01370000)]
  0x005d9c00 JavaThread "Service Thread" daemon [_thread_blocked, id=7836, stack(0x038f0000,0x03940000)]
  0x005c6000 JavaThread "C1 CompilerThread0" daemon [_thread_blocked, id=6472, stack(0x03990000,0x039e0000)]
  0x005c1000 JavaThread "Attach Listener" daemon [_thread_blocked, id=7232, stack(0x03680000,0x036d0000)]
  0x005bdc00 JavaThread "Signal Dispatcher" daemon [_thread_blocked, id=6756, stack(0x014a0000,0x014f0000)]
  0x00552000 JavaThread "Finalizer" daemon [_thread_blocked, id=5928, stack(0x03840000,0x03890000)]
  0x00550800 JavaThread "Reference Handler" daemon [_thread_blocked, id=5360, stack(0x037f0000,0x03840000)]
  0x0152c000 JavaThread "main" [_thread_blocked, id=956, stack(0x01560000,0x015b0000)]

Other Threads:
  0x0054f000 VMThread [stack: 0x03700000,0x03750000] [id=5156]
  0x005f5800 WatcherThread [stack: 0x03940000,0x03990000] [id=7304]

VM state:not at safepoint (normal execution)

VM Mutex/Monitor currently owned by a thread: None

Heap
 def new generation   total 8256K, used 4875K [0x23a10000, 0x24300000, 0x28f60000)
  eden space 7360K,  66% used [0x23a10000, 0x23ed2ca0, 0x24140000)
  from space 896K,   0% used [0x24140000, 0x24140000, 0x24220000)
  to   space 896K,   0% used [0x24220000, 0x24220000, 0x24300000)
 tenured generation   total 18208K, used 10924K [0x28f60000, 0x2a128000, 0x33a10000)
   the space 18208K,  59% used [0x28f60000, 0x29a0b080, 0x29a0b200, 0x2a128000)
 compacting perm gen  total 12288K, used 8868K [0x33a10000, 0x34610000, 0x37a10000)
   the space 12288K,  72% used [0x33a10000, 0x342b9298, 0x342b9400, 0x34610000)
    ro space 10240K,  41% used [0x37a10000, 0x37e416b0, 0x37e41800, 0x38410000)
    rw space 12288K,  52% used [0x38410000, 0x38a559f0, 0x38a55a00, 0x39010000)

Card table byte_map: [0x035b0000,0x03660000] byte_map_base: 0x03492f80

Polling page: 0x001d0000

Code Cache  [0x015b0000, 0x01880000, 0x035b0000)
 total_blobs=1894 nmethods=1539 adapters=290 free_code_cache=29903Kb largest_free_block=30620800

Compilation events (10 events):
Event: 22.519 Thread 0x005c6000 1542             com.sun.javafx.tk.quantum.QuantumToolkit::postPulse (151 bytes)
Event: 22.520 Thread 0x005c6000 nmethod 1542 0x0187ab88 code [0x0187ad90, 0x0187b340]
Event: 22.542 Thread 0x005c6000 1543             com.sun.prism.d3d.D3DGraphics::create (48 bytes)
Event: 22.542 Thread 0x005c6000 nmethod 1543 0x0187b8c8 code [0x0187b9f0, 0x0187bb94]
Event: 22.542 Thread 0x005c6000 1544             com.sun.prism.d3d.D3DGraphics::<init> (12 bytes)
Event: 22.543 Thread 0x005c6000 nmethod 1544 0x0187bcc8 code [0x0187bdc0, 0x0187be8c]
Event: 22.543 Thread 0x005c6000 1545             com.sun.prism.impl.ps.BaseShaderGraphics::<init> (17 bytes)
Event: 22.543 Thread 0x005c6000 nmethod 1545 0x0187bf08 code [0x0187c000, 0x0187c0bc]
Event: 22.543 Thread 0x005c6000 1546             com.sun.javafx.geom.RectBounds::<init> (10 bytes)
Event: 22.543 Thread 0x005c6000 nmethod 1546 0x0187c148 code [0x0187c240, 0x0187c2f0]

GC Heap History (10 events):
Event: 4.439 GC heap before
{Heap before GC invocations=9 (full 0):
 def new generation   total 4928K, used 4928K [0x23a10000, 0x23f60000, 0x28f60000)
  eden space 4416K, 100% used [0x23a10000, 0x23e60000, 0x23e60000)
  from space 512K, 100% used [0x23ee0000, 0x23f60000, 0x23f60000)
  to   space 512K,   0% used [0x23e60000, 0x23e60000, 0x23ee0000)
 tenured generation   total 10944K, used 4810K [0x28f60000, 0x29a10000, 0x33a10000)
   the space 10944K,  43% used [0x28f60000, 0x29412848, 0x29412a00, 0x29a10000)
 compacting perm gen  total 12288K, used 7827K [0x33a10000, 0x34610000, 0x37a10000)
   the space 12288K,  63% used [0x33a10000, 0x341b4f98, 0x341b5000, 0x34610000)
    ro space 10240K,  41% used [0x37a10000, 0x37e416b0, 0x37e41800, 0x38410000)
    rw space 12288K,  52% used [0x38410000, 0x38a559f0, 0x38a55a00, 0x39010000)
Event: 4.444 GC heap after
Heap after GC invocations=10 (full 0):
 def new generation   total 4928K, used 294K [0x23a10000, 0x23f60000, 0x28f60000)
  eden space 4416K,   0% used [0x23a10000, 0x23a10000, 0x23e60000)
  from space 512K,  57% used [0x23e60000, 0x23ea9a20, 0x23ee0000)
  to   space 512K,   0% used [0x23ee0000, 0x23ee0000, 0x23f60000)
 tenured generation   total 10944K, used 5318K [0x28f60000, 0x29a10000, 0x33a10000)
   the space 10944K,  48% used [0x28f60000, 0x29491b50, 0x29491c00, 0x29a10000)
 compacting perm gen  total 12288K, used 7827K [0x33a10000, 0x34610000, 0x37a10000)
   the space 12288K,  63% used [0x33a10000, 0x341b4f98, 0x341b5000, 0x34610000)
    ro space 10240K,  41% used [0x37a10000, 0x37e416b0, 0x37e41800, 0x38410000)
    rw space 12288K,  52% used [0x38410000, 0x38a559f0, 0x38a55a00, 0x39010000)
}
Event: 4.571 GC heap before
{Heap before GC invocations=10 (full 0):
 def new generation   total 4928K, used 4710K [0x23a10000, 0x23f60000, 0x28f60000)
  eden space 4416K, 100% used [0x23a10000, 0x23e60000, 0x23e60000)
  from space 512K,  57% used [0x23e60000, 0x23ea9a20, 0x23ee0000)
  to   space 512K,   0% used [0x23ee0000, 0x23ee0000, 0x23f60000)
 tenured generation   total 10944K, used 5318K [0x28f60000, 0x29a10000, 0x33a10000)
   the space 10944K,  48% used [0x28f60000, 0x29491b50, 0x29491c00, 0x29a10000)
 compacting perm gen  total 12288K, used 8176K [0x33a10000, 0x34610000, 0x37a10000)
   the space 12288K,  66% used [0x33a10000, 0x3420c250, 0x3420c400, 0x34610000)
    ro space 10240K,  41% used [0x37a10000, 0x37e416b0, 0x37e41800, 0x38410000)
    rw space 12288K,  52% used [0x38410000, 0x38a559f0, 0x38a55a00, 0x39010000)
Event: 4.575 GC heap after
Heap after GC invocations=11 (full 0):
 def new generation   total 4928K, used 383K [0x23a10000, 0x23f60000, 0x28f60000)
  eden space 4416K,   0% used [0x23a10000, 0x23a10000, 0x23e60000)
  from space 512K,  74% used [0x23ee0000, 0x23f3fff8, 0x23f60000)
  to   space 512K,   0% used [0x23e60000, 0x23e60000, 0x23ee0000)
 tenured generation   total 10944K, used 5462K [0x28f60000, 0x29a10000, 0x33a10000)
   the space 10944K,  49% used [0x28f60000, 0x294b5a08, 0x294b5c00, 0x29a10000)
 compacting perm gen  total 12288K, used 8176K [0x33a10000, 0x34610000, 0x37a10000)
   the space 12288K,  66% used [0x33a10000, 0x3420c250, 0x3420c400, 0x34610000)
    ro space 10240K,  41% used [0x37a10000, 0x37e416b0, 0x37e41800, 0x38410000)
    rw space 12288K,  52% used [0x38410000, 0x38a559f0, 0x38a55a00, 0x39010000)
}
Event: 6.600 GC heap before
{Heap before GC invocations=11 (full 0):
 def new generation   total 4928K, used 4799K [0x23a10000, 0x23f60000, 0x28f60000)
  eden space 4416K, 100% used [0x23a10000, 0x23e60000, 0x23e60000)
  from space 512K,  74% used [0x23ee0000, 0x23f3fff8, 0x23f60000)
  to   space 512K,   0% used [0x23e60000, 0x23e60000, 0x23ee0000)
 tenured generation   total 10944K, used 5462K [0x28f60000, 0x29a10000, 0x33a10000)
   the space 10944K,  49% used [0x28f60000, 0x294b5a08, 0x294b5c00, 0x29a10000)
 compacting perm gen  total 12288K, used 8484K [0x33a10000, 0x34610000, 0x37a10000)
   the space 12288K,  69% used [0x33a10000, 0x34259318, 0x34259400, 0x34610000)
    ro space 10240K,  41% used [0x37a10000, 0x37e416b0, 0x37e41800, 0x38410000)
    rw space 12288K,  52% used [0x38410000, 0x38a559f0, 0x38a55a00, 0x39010000)
Event: 6.610 GC heap after
Heap after GC invocations=12 (full 0):
 def new generation   total 4928K, used 512K [0x23a10000, 0x23f60000, 0x28f60000)
  eden space 4416K,   0% used [0x23a10000, 0x23a10000, 0x23e60000)
  from space 512K, 100% used [0x23e60000, 0x23ee0000, 0x23ee0000)
  to   space 512K,   0% used [0x23ee0000, 0x23ee0000, 0x23f60000)
 tenured generation   total 10944K, used 6685K [0x28f60000, 0x29a10000, 0x33a10000)
   the space 10944K,  61% used [0x28f60000, 0x295e7728, 0x295e7800, 0x29a10000)
 compacting perm gen  total 12288K, used 8484K [0x33a10000, 0x34610000, 0x37a10000)
   the space 12288K,  69% used [0x33a10000, 0x34259318, 0x34259400, 0x34610000)
    ro space 10240K,  41% used [0x37a10000, 0x37e416b0, 0x37e41800, 0x38410000)
    rw space 12288K,  52% used [0x38410000, 0x38a559f0, 0x38a55a00, 0x39010000)
}
Event: 13.641 GC heap before
{Heap before GC invocations=12 (full 0):
 def new generation   total 4928K, used 4928K [0x23a10000, 0x23f60000, 0x28f60000)
  eden space 4416K, 100% used [0x23a10000, 0x23e60000, 0x23e60000)
  from space 512K, 100% used [0x23e60000, 0x23ee0000, 0x23ee0000)
  to   space 512K,   0% used [0x23ee0000, 0x23ee0000, 0x23f60000)
 tenured generation   total 10944K, used 6685K [0x28f60000, 0x29a10000, 0x33a10000)
   the space 10944K,  61% used [0x28f60000, 0x295e7728, 0x295e7800, 0x29a10000)
 compacting perm gen  total 12288K, used 8769K [0x33a10000, 0x34610000, 0x37a10000)
   the space 12288K,  71% used [0x33a10000, 0x342a0690, 0x342a0800, 0x34610000)
    ro space 10240K,  41% used [0x37a10000, 0x37e416b0, 0x37e41800, 0x38410000)
    rw space 12288K,  52% used [0x38410000, 0x38a559f0, 0x38a55a00, 0x39010000)
Event: 13.653 GC heap after
Heap after GC invocations=13 (full 0):
 def new generation   total 4928K, used 512K [0x23a10000, 0x23f60000, 0x28f60000)
  eden space 4416K,   0% used [0x23a10000, 0x23a10000, 0x23e60000)
  from space 512K, 100% used [0x23ee0000, 0x23f60000, 0x23f60000)
  to   space 512K,   0% used [0x23e60000, 0x23e60000, 0x23ee0000)
 tenured generation   total 10944K, used 8122K [0x28f60000, 0x29a10000, 0x33a10000)
   the space 10944K,  74% used [0x28f60000, 0x2974ea40, 0x2974ec00, 0x29a10000)
 compacting perm gen  total 12288K, used 8769K [0x33a10000, 0x34610000, 0x37a10000)
   the space 12288K,  71% used [0x33a10000, 0x342a0690, 0x342a0800, 0x34610000)
    ro space 10240K,  41% used [0x37a10000, 0x37e416b0, 0x37e41800, 0x38410000)
    rw space 12288K,  52% used [0x38410000, 0x38a559f0, 0x38a55a00, 0x39010000)
}
Event: 13.802 GC heap before
{Heap before GC invocations=13 (full 0):
 def new generation   total 4928K, used 4928K [0x23a10000, 0x23f60000, 0x28f60000)
  eden space 4416K, 100% used [0x23a10000, 0x23e60000, 0x23e60000)
  from space 512K, 100% used [0x23ee0000, 0x23f60000, 0x23f60000)
  to   space 512K,   0% used [0x23e60000, 0x23e60000, 0x23ee0000)
 tenured generation   total 10944K, used 8122K [0x28f60000, 0x29a10000, 0x33a10000)
   the space 10944K,  74% used [0x28f60000, 0x2974ea40, 0x2974ec00, 0x29a10000)
 compacting perm gen  total 12288K, used 8799K [0x33a10000, 0x34610000, 0x37a10000)
   the space 12288K,  71% used [0x33a10000, 0x342a7da8, 0x342a7e00, 0x34610000)
    ro space 10240K,  41% used [0x37a10000, 0x37e416b0, 0x37e41800, 0x38410000)
    rw space 12288K,  52% used [0x38410000, 0x38a559f0, 0x38a55a00, 0x39010000)
Event: 13.912 GC heap after
Heap after GC invocations=14 (full 1):
 def new generation   total 8256K, used 0K [0x23a10000, 0x24300000, 0x28f60000)
  eden space 7360K,   0% used [0x23a10000, 0x23a10000, 0x24140000)
  from space 896K,   0% used [0x24140000, 0x24140000, 0x24220000)
  to   space 896K,   0% used [0x24220000, 0x24220000, 0x24300000)
 tenured generation   total 18208K, used 10924K [0x28f60000, 0x2a128000, 0x33a10000)
   the space 18208K,  59% used [0x28f60000, 0x29a0b080, 0x29a0b200, 0x2a128000)
 compacting perm gen  total 12288K, used 8799K [0x33a10000, 0x34610000, 0x37a10000)
   the space 12288K,  71% used [0x33a10000, 0x342a7da8, 0x342a7e00, 0x34610000)
    ro space 10240K,  41% used [0x37a10000, 0x37e416b0, 0x37e41800, 0x38410000)
    rw space 12288K,  52% used [0x38410000, 0x38a559f0, 0x38a55a00, 0x39010000)
}

Deoptimization events (0 events):
No events

Internal exceptions (10 events):
Event: 13.688 Thread 0x04014c00 Threw 0x23abb988 at C:\jdk7u2_32P\jdk7u40\hotspot\src\share\vm\prims\jvm.cpp:1244
Event: 13.688 Thread 0x04014c00 Threw 0x23abdab8 at C:\jdk7u2_32P\jdk7u40\hotspot\src\share\vm\prims\jvm.cpp:1244
Event: 13.688 Thread 0x04014c00 Threw 0x23abfab8 at C:\jdk7u2_32P\jdk7u40\hotspot\src\share\vm\prims\jvm.cpp:1244
Event: 13.689 Thread 0x04014c00 Threw 0x23ac2030 at C:\jdk7u2_32P\jdk7u40\hotspot\src\share\vm\prims\jvm.cpp:1244
Event: 13.690 Thread 0x04014c00 Threw 0x23ac9228 at C:\jdk7u2_32P\jdk7u40\hotspot\src\share\vm\prims\jvm.cpp:1244
Event: 13.692 Thread 0x04014c00 Threw 0x23acffa8 at C:\jdk7u2_32P\jdk7u40\hotspot\src\share\vm\prims\jvm.cpp:1244
Event: 13.915 Thread 0x00552000 Threw 0x23a33c00 at C:\jdk7u2_32P\jdk7u40\hotspot\src\share\vm\interpreter\linkResolver.cpp:883
Event: 13.990 Thread 0x03bc9c00 Threw 0x23b8f030 at C:\jdk7u2_32P\jdk7u40\hotspot\src\share\vm\prims\jvm.cpp:1244
Event: 13.990 Thread 0x03bc9c00 Threw 0x23b92080 at C:\jdk7u2_32P\jdk7u40\hotspot\src\share\vm\prims\jvm.cpp:1244
Event: 13.991 Thread 0x03bc9c00 Threw 0x23b97928 at C:\jdk7u2_32P\jdk7u40\hotspot\src\share\vm\prims\jvm.cpp:1244

Events (10 events):
Event: 13.802 Executing VM operation: GenCollectForAllocation
Event: 13.912 Executing VM operation: GenCollectForAllocation done
Event: 13.914 loading class 0x03a8ce38
Event: 13.915 loading class 0x03a8ce38 done
Event: 13.990 loading class 0x03bd5ea0
Event: 13.990 loading class 0x03bd5ea0 done
Event: 13.990 loading class 0x03bd5ee0
Event: 13.990 loading class 0x03bd5ee0 done
Event: 13.991 loading class 0x041576a8
Event: 13.991 loading class 0x041576a8 done


Dynamic libraries:
0x01370000 - 0x0139f000 	C:\Program Files\Java\jre7\bin\javaw.exe
0x77330000 - 0x7746c000 	C:\Windows\SYSTEM32\ntdll.dll
0x75a80000 - 0x75b54000 	C:\Windows\system32\kernel32.dll
0x75620000 - 0x7566a000 	C:\Windows\system32\KERNELBASE.dll
0x77090000 - 0x77130000 	C:\Windows\system32\ADVAPI32.dll
0x76a50000 - 0x76afc000 	C:\Windows\system32\msvcrt.dll
0x77480000 - 0x77499000 	C:\Windows\SYSTEM32\sechost.dll
0x76b00000 - 0x76ba1000 	C:\Windows\system32\RPCRT4.dll
0x76fc0000 - 0x77089000 	C:\Windows\system32\USER32.dll
0x75b60000 - 0x75bae000 	C:\Windows\system32\GDI32.dll
0x774a0000 - 0x774aa000 	C:\Windows\system32\LPK.dll
0x75910000 - 0x759ad000 	C:\Windows\system32\USP10.dll
0x74410000 - 0x745ae000 	C:\Windows\WinSxS\x86_microsoft.windows.common-controls_6595b64144ccf1df_6.0.7600.16385_none_421189da2b7fabfc\COMCTL32.dll
0x772d0000 - 0x77327000 	C:\Windows\system32\SHLWAPI.dll
0x76bb0000 - 0x76bcf000 	C:\Windows\system32\IMM32.DLL
0x76800000 - 0x768cc000 	C:\Windows\system32\MSCTF.dll
0x61f10000 - 0x61fce000 	C:\Program Files\Java\jre7\bin\msvcr100.dll
0x628e0000 - 0x62c60000 	C:\Program Files\Java\jre7\bin\client\jvm.dll
0x6e890000 - 0x6e897000 	C:\Windows\system32\WSOCK32.dll
0x759b0000 - 0x759e5000 	C:\Windows\system32\WS2_32.dll
0x77470000 - 0x77476000 	C:\Windows\system32\NSI.dll
0x737a0000 - 0x737d2000 	C:\Windows\system32\WINMM.dll
0x76a30000 - 0x76a35000 	C:\Windows\system32\PSAPI.DLL
0x743f0000 - 0x743fc000 	C:\Program Files\Java\jre7\bin\verify.dll
0x717d0000 - 0x717f0000 	C:\Program Files\Java\jre7\bin\java.dll
0x71c00000 - 0x71c13000 	C:\Program Files\Java\jre7\bin\zip.dll
0x72e70000 - 0x72e7d000 	C:\Program Files\Java\jre7\bin\prism-d3d.dll
0x6f750000 - 0x6f913000 	C:\Windows\system32\d3d9.dll
0x74980000 - 0x74989000 	C:\Windows\system32\VERSION.dll
0x6f740000 - 0x6f746000 	C:\Windows\system32\d3d8thk.dll
0x73e50000 - 0x73e63000 	C:\Windows\system32\dwmapi.dll
0x74290000 - 0x742d0000 	C:\Windows\system32\uxtheme.dll
0x562d0000 - 0x56681000 	C:\Windows\system32\igdumd32.dll
0x71850000 - 0x71877000 	C:\Program Files\Java\jre7\bin\glass.dll
0x774b0000 - 0x7752b000 	C:\Windows\system32\COMDLG32.dll
0x75bb0000 - 0x767f9000 	C:\Windows\system32\SHELL32.dll
0x768d0000 - 0x76a2c000 	C:\Windows\system32\ole32.dll
0x759f0000 - 0x75a7f000 	C:\Windows\system32\OLEAUT32.dll
0x753d0000 - 0x753dc000 	C:\Windows\system32\CRYPTBASE.dll
0x6eab0000 - 0x6eac4000 	C:\Program Files\Java\jre7\bin\net.dll
0x74ec0000 - 0x74efc000 	C:\Windows\system32\mswsock.dll
0x74eb0000 - 0x74eb6000 	C:\Windows\System32\wship6.dll
0x74400000 - 0x7440f000 	C:\Program Files\Java\jre7\bin\nio.dll
0x67750000 - 0x6778d000 	C:\Program Files\Java\jre7\bin\javafx-font.dll
0x75780000 - 0x75803000 	C:\Windows\system32\CLBCatQ.DLL
0x73520000 - 0x7361b000 	C:\Windows\system32\WindowsCodecs.dll
0x75380000 - 0x753cb000 	C:\Windows\system32\apphelp.dll
0x6d800000 - 0x6d831000 	C:\Windows\system32\EhStorShell.dll
0x76dd0000 - 0x76f6d000 	C:\Windows\system32\SETUPAPI.dll
0x75690000 - 0x756b7000 	C:\Windows\system32\CFGMGR32.dll
0x75670000 - 0x75682000 	C:\Windows\system32\DEVOBJ.dll
0x742d0000 - 0x743c5000 	C:\Windows\system32\PROPSYS.dll
0x6cfe0000 - 0x6d3ea000 	C:\PROGRA~1\MICROS~2\Office14\GROOVEEX.DLL
0x6d750000 - 0x6d7f3000 	C:\Windows\WinSxS\x86_microsoft.vc90.crt_1fc8b3b9a1e18e3b_9.0.30729.4926_none_508ed732bcbc0e5a\MSVCR90.dll
0x6d6c0000 - 0x6d74e000 	C:\Windows\WinSxS\x86_microsoft.vc90.crt_1fc8b3b9a1e18e3b_9.0.30729.4926_none_508ed732bcbc0e5a\MSVCP90.dll
0x6d690000 - 0x6d6bb000 	C:\Windows\WinSxS\x86_microsoft.vc90.atl_1fc8b3b9a1e18e3b_9.0.30729.4148_none_51ca66a2bbe76806\ATL90.DLL
0x6cbd0000 - 0x6cfdf000 	C:\PROGRA~1\COMMON~1\MICROS~1\OFFICE14\Cultures\office.odf
0x6c360000 - 0x6cbc4000 	C:\PROGRA~1\MICROS~2\Office14\1033\GrooveIntlResource.dll
0x6d680000 - 0x6d687000 	C:\Program Files\Internet Download Manager\IDMShellExt.dll
0x6d5f0000 - 0x6d65a000 	C:\Windows\System32\cscui.dll
0x6d5e0000 - 0x6d5e9000 	C:\Windows\System32\CSCDLL.dll
0x6e320000 - 0x6e32b000 	C:\Windows\system32\CSCAPI.dll
0x6d570000 - 0x6d5df000 	C:\Windows\system32\ntshrui.dll
0x751a0000 - 0x751b9000 	C:\Windows\system32\srvcli.dll
0x73b20000 - 0x73b2a000 	C:\Windows\system32\slc.dll
0x71770000 - 0x71791000 	C:\Program Files\Common Files\Microsoft Shared\Ink\rtscom.dll
0x10000000 - 0x10008000 	C:\Program Files\Internet Download Manager\idmmkb.dll
0x709c0000 - 0x70aab000 	C:\Windows\system32\dbghelp.dll

VM Arguments:
jvm_args: -Dfile.encoding=Cp1252 
java_command: com.kc.controller.LoginController
Launcher Type: SUN_STANDARD

Environment Variables:
PATH=C:/Program Files/Java/jre7/bin/client;C:/Program Files/Java/jre7/bin;C:/Program Files/Java/jre7/lib/i386;C:\Windows\SYSTEM32;C:\Windows;C:\Windows\SYSTEM32\WBEM;C:\Windows\SYSTEM32\WINDOWSPOWERSHELL\V1.0\;;E:\eclipse;
USERNAME=veer
OS=Windows_NT
PROCESSOR_IDENTIFIER=x86 Family 6 Model 15 Stepping 13, GenuineIntel



---------------  S Y S T E M  ---------------

OS: Windows 7 Build 7600 

CPU:total 2 (2 cores per cpu, 1 threads per core) family 6 model 15 stepping 13, cmov, cx8, fxsr, mmx, sse, sse2, sse3, ssse3, tsc

Memory: 4k page, physical 3136824k(1338072k free), swap 7052172k(3958664k free)

vm_info: Java HotSpot(TM) Client VM (24.0-b56) for windows-x86 JRE (1.7.0_40-b43), built on Aug 26 2013 22:34:40 by "java_re" with unknown MS VC++:1600

time: Tue Dec 17 20:17:42 2013
elapsed time: 22 seconds

